<?xml version="1.0" encoding="UTF-8"?>
<testng-results ignored="0" total="1" passed="1" failed="0" skipped="0">
  <reporter-output>
  </reporter-output>
  <suite started-at="2024-11-21T12:39:28Z" name="Default suite" finished-at="2024-11-21T12:47:59Z" duration-ms="511718">
    <groups>
      <group name="cucumber">
        <method signature="AbstractTestNGCucumberTests.runScenario(io.cucumber.testng.PickleWrapper, io.cucumber.testng.FeatureWrapper)[pri:0, instance:com.TestNGRunner.TestNgRunner@39a2bb97]" name="runScenario" class="io.cucumber.testng.AbstractTestNGCucumberTests"/>
      </group> <!-- cucumber -->
    </groups>
    <test started-at="2024-11-21T12:39:28Z" name="Default test" finished-at="2024-11-21T12:47:59Z" duration-ms="511718">
      <class name="com.TestNGRunner.TestNgRunner">
        <test-method is-config="true" signature="setUpClass()[pri:0, instance:com.TestNGRunner.TestNgRunner@39a2bb97]" started-at="2024-11-21T17:39:28Z" name="setUpClass" finished-at="2024-11-21T17:39:28Z" duration-ms="751" status="PASS">
          <reporter-output>
          </reporter-output>
        </test-method> <!-- setUpClass -->
        <test-method signature="runScenario(io.cucumber.testng.PickleWrapper, io.cucumber.testng.FeatureWrapper)[pri:0, instance:com.TestNGRunner.TestNgRunner@39a2bb97]" started-at="2024-11-21T17:39:28Z" name="runScenario" description="Runs Cucumber Scenarios" data-provider="scenarios" finished-at="2024-11-21T17:47:57Z" duration-ms="508503" status="PASS">
          <params>
            <param index="0">
              <value>
                <![CDATA["To verify all the statuses of History page of standalone application"]]>
              </value>
            </param>
            <param index="1">
              <value>
                <![CDATA["Optional[Title of your feature]"]]>
              </value>
            </param>
          </params>
          <reporter-output>
          </reporter-output>
        </test-method> <!-- runScenario -->
        <test-method is-config="true" signature="tearDownClass()[pri:0, instance:com.TestNGRunner.TestNgRunner@39a2bb97]" started-at="2024-11-21T17:47:57Z" name="tearDownClass" finished-at="2024-11-21T17:47:59Z" duration-ms="2446" status="PASS">
          <reporter-output>
          </reporter-output>
        </test-method> <!-- tearDownClass -->
      </class> <!-- com.TestNGRunner.TestNgRunner -->
    </test> <!-- Default test -->
  </suite> <!-- Default suite -->
</testng-results>
